okay im outta here
wat
hello
whats up
wat sorcery is this
haha
no one there
yup
fuck the letter f
dont know
you get kicked
nooooo
dont need to say much
strange game
dumbass
stop saying that
help
dont swear please
hey
looks ugly as hell
what happens if i fail
why not
i hate that
exit
ludum dare sent me here
lets try that again
hi
test
yes thats my name
noooooo
wat up
these colors give me seizures
huh
there are sooo many words to choose from
ls
close
not saying much are you
woah shit
dir
hello there
if you can call it that
this is not a valid username you prick
so whats a challenge
